<?xml version="1.0" encoding="UTF-8"?>
<!-- Generated by org.testng.reporters.JUnitReportReporter -->
<testsuite hostname="DESKTOP-MD4BTEP" failures="0" tests="1" name="goibibo_test.Goibibo_testcase_12" time="32.046" errors="0" timestamp="2024-03-13T13:38:45 IST" skipped="0">
  <testcase classname="goibibo_test.Goibibo_testcase_12" name="testCase_01" time="32.046"/>
  <system-out>
    <![CDATA[test case started successfully
test case is passed & screenshot is taken]]>
  </system-out>
</testsuite> <!-- goibibo_test.Goibibo_testcase_12 -->
