<?xml version="1.0" encoding="UTF-8"?>
<!-- Generated by org.testng.reporters.JUnitReportReporter -->
<testsuite hostname="DESKTOP-MD4BTEP" failures="0" tests="2" name="goibibo_test.Goibibo_testcase_08" time="73.028" errors="0" timestamp="2024-03-13T12:33:43 IST" skipped="1">
  <testcase classname="goibibo_test.Goibibo_testcase_08" name="testCase_01" time="31.403"/>
  <system-out>
    <![CDATA[test case started successfully
test case is passed & screenshot is taken]]>
  </system-out>
  <testcase classname="goibibo_test.Goibibo_testcase_08" name="testCase_01" time="41.625">
    <skipped/>
  </testcase> <!-- testCase_01 -->
  <system-out>
    <![CDATA[test case started successfully]]>
  </system-out>
</testsuite> <!-- goibibo_test.Goibibo_testcase_08 -->
