<?xml version="1.0" encoding="UTF-8"?>
<!-- Generated by org.testng.reporters.JUnitReportReporter -->
<testsuite hostname="DESKTOP-MD4BTEP" failures="0" tests="1" name="goibibo_test.Goibibo_testcase_15" time="48.465" errors="0" timestamp="2024-03-04T18:02:52 IST" skipped="0">
  <testcase classname="goibibo_test.Goibibo_testcase_15" name="testCase_01" time="48.465"/>
  <system-out/>
</testsuite> <!-- goibibo_test.Goibibo_testcase_15 -->
